2021-12-31 07:53:06.862  INFO 896 --- [main] lavalink.server.Launcher                 : 

[32m       .  [31m _                  _ _       _    [32m__ _ _
[32m      /\\ [31m| | __ ___   ____ _| (_)_ __ | | __[32m\ \ \ \
[32m     ( ( )[31m| |/ _` \ \ / / _` | | | '_ \| |/ /[32m \ \ \ \
[32m      \\/ [31m| | (_| |\ V / (_| | | | | | |   < [32m  ) ) ) )
[32m       '  [31m|_|\__,_| \_/ \__,_|_|_|_| |_|_|\_\[32m / / / /
[0m    =========================================[32m/_/_/_/[0m

	Version:        3.4
	Build:          1257
	Build time:     26.10.2021 14:18:37 UTC
	Branch          master
	Commit:         a364833
	Commit time:    26.10.2021 14:15:20 UTC
	JVM:            15
	Lavaplayer      1.3.96-original

2021-12-31 07:53:07.007  INFO 896 --- [main] lavalink.server.Launcher                 : Starting Launcher on DESKTOP-857OS0D with PID 896 (D:\github\hanar3\izumi\Lavalink.jar started by vitor in D:\github\hanar3\izumi)
2021-12-31 07:53:07.009  INFO 896 --- [main] lavalink.server.Launcher                 : No active profile set, falling back to default profiles: default
2021-12-31 07:53:07.169  WARN 896 --- [background-preinit] o.s.h.c.j.Jackson2ObjectMapperBuilder    : For Jackson Kotlin classes support please add "com.fasterxml.jackson.module:jackson-module-kotlin" to the classpath
2021-12-31 07:53:08.753  WARN 896 --- [main] io.undertow.websockets.jsr               : UT026010: Buffer pool was not set on WebSocketDeploymentInfo, the default pool will be used
2021-12-31 07:53:08.799  INFO 896 --- [main] io.undertow.servlet                      : Initializing Spring embedded WebApplicationContext
2021-12-31 07:53:08.801  INFO 896 --- [main] o.s.web.context.ContextLoader            : Root WebApplicationContext: initialization completed in 1687 ms
2021-12-31 07:53:09.371  WARN 896 --- [main] l.server.config.SentryConfiguration      : Turning off sentry
2021-12-31 07:53:09.770  INFO 896 --- [main] c.s.d.l.tools.GarbageCollectionMonitor   : GC monitoring enabled, reporting results every 2 minutes.
2021-12-31 07:53:10.069  INFO 896 --- [main] lavalink.server.config.KoeConfiguration  : OS: Windows 10, Arch: amd64
2021-12-31 07:53:10.069  WARN 896 --- [main] lavalink.server.config.KoeConfiguration  : This system and architecture appears to not support native audio sending! GC pauses may cause your bot to stutter during playback.
2021-12-31 07:53:10.402  INFO 896 --- [main] o.s.s.concurrent.ThreadPoolTaskExecutor  : Initializing ExecutorService 'applicationTaskExecutor'
2021-12-31 07:53:10.852  INFO 896 --- [main] org.xnio                                 : XNIO version 3.3.8.Final
2021-12-31 07:53:10.874  INFO 896 --- [main] org.xnio.nio                             : XNIO NIO Implementation Version 3.3.8.Final
2021-12-31 07:53:10.960  INFO 896 --- [main] o.s.b.w.e.u.UndertowServletWebServer     : Undertow started on port(s) 2333 (http) with context path ''
2021-12-31 07:53:10.967  INFO 896 --- [main] lavalink.server.Launcher                 : Started Launcher in 4.608 seconds (JVM running for 5.093)
2021-12-31 07:53:10.970  INFO 896 --- [main] lavalink.server.Launcher                 : You can safely ignore the big red warning about illegal reflection. See https://github.com/freyacodes/Lavalink/issues/295
2021-12-31 07:53:36.110  INFO 896 --- [XNIO-1 task-1] io.undertow.servlet                      : Initializing Spring DispatcherServlet 'dispatcherServlet'
2021-12-31 07:53:36.110  INFO 896 --- [XNIO-1 task-1] o.s.web.servlet.DispatcherServlet        : Initializing Servlet 'dispatcherServlet'
2021-12-31 07:53:36.118  INFO 896 --- [XNIO-1 task-1] o.s.web.servlet.DispatcherServlet        : Completed initialization in 7 ms
2021-12-31 07:53:36.152  INFO 896 --- [XNIO-1 task-1] l.server.io.HandshakeInterceptorImpl     : Incoming connection from /127.0.0.1:58817
2021-12-31 07:53:36.243  INFO 896 --- [XNIO-1 task-1] lavalink.server.io.SocketServer          : Connection successfully established from erela.js
2021-12-31 08:14:07.923  INFO 896 --- [XNIO-1 I/O-5] lavalink.server.io.SocketServer          : {"op":"volume","guildId":"885961724207980698","volume":100}
2021-12-31 08:14:07.943  INFO 896 --- [XNIO-1 task-2] l.server.player.AudioLoaderRestHandler   : Got request to load for identifier "https://www.youtube.com/watch?v=kmPgjr0EL64"
2021-12-31 08:14:08.800  INFO 896 --- [XNIO-1 I/O-5] lavalink.server.io.SocketServer          : {"sessionId":"8ab92e9bfb8d76d6596e83f4decddd76","op":"voiceUpdate","guildId":"885961724207980698","event":{"endpoint":"brazil5475.discord.media:443","guild_id":"885961724207980698","token":"5d629b141560209b"}}
2021-12-31 08:14:09.844  INFO 896 --- [lava-daemon-pool-info-loader-2-thread-1] lavalink.server.player.AudioLoader       : Loaded track ?MV?????????? feat. ?? / ????
2021-12-31 08:14:09.864  INFO 896 --- [XNIO-1 I/O-5] lavalink.server.io.SocketServer          : {"op":"play","guildId":"885961724207980698","track":"QAAAoQIAP+OAkE1W44CR5pil44Gr5o+644KJ44KM44Gp5ZCb5oOz44GGIGZlYXQuIOOBk+OBtCAvIOOCs+ODkOOCveODrQAIa29iYXNvbG8AAAAAAAPcSAALa21QZ2pyMEVMNjQAAQAraHR0cHM6Ly93d3cueW91dHViZS5jb20vd2F0Y2g/dj1rbVBnanIwRUw2NAAHeW91dHViZQAAAAAAAAAA"}
2021-12-31 08:14:09.870 ERROR 896 --- [XNIO-1 I/O-5] c.s.d.lavaplayer.player.AudioPlayer      : Handler of event com.sedmelluq.discord.lavaplayer.player.event.TrackStartEvent@2d5d570d threw an exception.

java.lang.IllegalArgumentException: null
	at java.base/java.util.concurrent.ScheduledThreadPoolExecutor.scheduleAtFixedRate(ScheduledThreadPoolExecutor.java:623) ~[na:na]
	at lavalink.server.player.Player.onTrackStart(Player.java:141) ~[classes!/:na]
	at com.sedmelluq.discord.lavaplayer.player.event.AudioEventAdapter.onEvent(AudioEventAdapter.java:72) ~[lavaplayer-fork-1.3.96.jar!/:na]
	at com.sedmelluq.discord.lavaplayer.player.DefaultAudioPlayer.dispatchEvent(DefaultAudioPlayer.java:360) ~[lavaplayer-fork-1.3.96.jar!/:na]
	at com.sedmelluq.discord.lavaplayer.player.DefaultAudioPlayer.startTrack(DefaultAudioPlayer.java:113) ~[lavaplayer-fork-1.3.96.jar!/:na]
	at com.sedmelluq.discord.lavaplayer.player.DefaultAudioPlayer.playTrack(DefaultAudioPlayer.java:76) ~[lavaplayer-fork-1.3.96.jar!/:na]
	at lavalink.server.player.Player.play(Player.java:70) ~[classes!/:na]
	at lavalink.server.io.WebSocketHandlers.play(WebSocketHandlers.kt:74) ~[classes!/:na]
	at lavalink.server.io.SocketServer.handleTextMessageSafe(SocketServer.kt:162) ~[classes!/:na]
	at lavalink.server.io.SocketServer.handleTextMessage(SocketServer.kt:139) ~[classes!/:na]
	at org.springframework.web.socket.handler.AbstractWebSocketHandler.handleMessage(AbstractWebSocketHandler.java:43) ~[spring-websocket-5.1.9.RELEASE.jar!/:5.1.9.RELEASE]
	at org.springframework.web.socket.handler.WebSocketHandlerDecorator.handleMessage(WebSocketHandlerDecorator.java:75) ~[spring-websocket-5.1.9.RELEASE.jar!/:5.1.9.RELEASE]
	at org.springframework.web.socket.handler.LoggingWebSocketHandlerDecorator.handleMessage(LoggingWebSocketHandlerDecorator.java:56) ~[spring-websocket-5.1.9.RELEASE.jar!/:5.1.9.RELEASE]
	at org.springframework.web.socket.handler.ExceptionWebSocketHandlerDecorator.handleMessage(ExceptionWebSocketHandlerDecorator.java:58) ~[spring-websocket-5.1.9.RELEASE.jar!/:5.1.9.RELEASE]
	at org.springframework.web.socket.adapter.standard.StandardWebSocketHandlerAdapter.handleTextMessage(StandardWebSocketHandlerAdapter.java:113) ~[spring-websocket-5.1.9.RELEASE.jar!/:5.1.9.RELEASE]
	at org.springframework.web.socket.adapter.standard.StandardWebSocketHandlerAdapter.access$000(StandardWebSocketHandlerAdapter.java:42) ~[spring-websocket-5.1.9.RELEASE.jar!/:5.1.9.RELEASE]
	at org.springframework.web.socket.adapter.standard.StandardWebSocketHandlerAdapter$3.onMessage(StandardWebSocketHandlerAdapter.java:84) ~[spring-websocket-5.1.9.RELEASE.jar!/:5.1.9.RELEASE]
	at org.springframework.web.socket.adapter.standard.StandardWebSocketHandlerAdapter$3.onMessage(StandardWebSocketHandlerAdapter.java:81) ~[spring-websocket-5.1.9.RELEASE.jar!/:5.1.9.RELEASE]
	at io.undertow.websockets.jsr.FrameHandler$7.run(FrameHandler.java:286) ~[undertow-websockets-jsr-2.0.26.Final.jar!/:2.0.26.Final]
	at io.undertow.websockets.jsr.ServerWebSocketContainer$1.call(ServerWebSocketContainer.java:170) ~[undertow-websockets-jsr-2.0.26.Final.jar!/:2.0.26.Final]
	at io.undertow.websockets.jsr.ServerWebSocketContainer$1.call(ServerWebSocketContainer.java:167) ~[undertow-websockets-jsr-2.0.26.Final.jar!/:2.0.26.Final]
	at io.undertow.servlet.core.ContextClassLoaderSetupAction$1.call(ContextClassLoaderSetupAction.java:43) ~[undertow-servlet-2.0.26.Final.jar!/:2.0.26.Final]
	at io.undertow.websockets.jsr.ServerWebSocketContainer.invokeEndpointMethod(ServerWebSocketContainer.java:604) ~[undertow-websockets-jsr-2.0.26.Final.jar!/:2.0.26.Final]
	at io.undertow.websockets.jsr.ServerWebSocketContainer.invokeEndpointMethod(ServerWebSocketContainer.java:594) ~[undertow-websockets-jsr-2.0.26.Final.jar!/:2.0.26.Final]
	at io.undertow.websockets.jsr.FrameHandler.invokeTextHandler(FrameHandler.java:266) ~[undertow-websockets-jsr-2.0.26.Final.jar!/:2.0.26.Final]
	at io.undertow.websockets.jsr.FrameHandler.onFullTextMessage(FrameHandler.java:317) ~[undertow-websockets-jsr-2.0.26.Final.jar!/:2.0.26.Final]
	at io.undertow.websockets.core.AbstractReceiveListener$2.complete(AbstractReceiveListener.java:156) ~[undertow-core-2.0.26.Final.jar!/:2.0.26.Final]
	at io.undertow.websockets.core.AbstractReceiveListener$2.complete(AbstractReceiveListener.java:152) ~[undertow-core-2.0.26.Final.jar!/:2.0.26.Final]
	at io.undertow.websockets.core.BufferedTextMessage.read(BufferedTextMessage.java:105) ~[undertow-core-2.0.26.Final.jar!/:2.0.26.Final]
	at io.undertow.websockets.core.AbstractReceiveListener.readBufferedText(AbstractReceiveListener.java:152) ~[undertow-core-2.0.26.Final.jar!/:2.0.26.Final]
	at io.undertow.websockets.core.AbstractReceiveListener.bufferFullMessage(AbstractReceiveListener.java:90) ~[undertow-core-2.0.26.Final.jar!/:2.0.26.Final]
	at io.undertow.websockets.jsr.FrameHandler.onText(FrameHandler.java:182) ~[undertow-websockets-jsr-2.0.26.Final.jar!/:2.0.26.Final]
	at io.undertow.websockets.core.AbstractReceiveListener.handleEvent(AbstractReceiveListener.java:44) ~[undertow-core-2.0.26.Final.jar!/:2.0.26.Final]
	at io.undertow.websockets.core.AbstractReceiveListener.handleEvent(AbstractReceiveListener.java:33) ~[undertow-core-2.0.26.Final.jar!/:2.0.26.Final]
	at org.xnio.ChannelListeners.invokeChannelListener(ChannelListeners.java:92) ~[xnio-api-3.3.8.Final.jar!/:3.3.8.Final]
	at io.undertow.server.protocol.framed.AbstractFramedChannel$FrameReadListener.handleEvent(AbstractFramedChannel.java:951) ~[undertow-core-2.0.26.Final.jar!/:2.0.26.Final]
	at io.undertow.server.protocol.framed.AbstractFramedChannel$FrameReadListener.handleEvent(AbstractFramedChannel.java:932) ~[undertow-core-2.0.26.Final.jar!/:2.0.26.Final]
	at org.xnio.ChannelListeners.invokeChannelListener(ChannelListeners.java:92) ~[xnio-api-3.3.8.Final.jar!/:3.3.8.Final]
	at org.xnio.conduits.ReadReadyHandler$ChannelListenerHandler.readReady(ReadReadyHandler.java:66) ~[xnio-api-3.3.8.Final.jar!/:3.3.8.Final]
	at org.xnio.nio.NioSocketConduit.handleReady(NioSocketConduit.java:88) ~[xnio-nio-3.3.8.Final.jar!/:3.3.8.Final]
	at org.xnio.nio.WorkerThread.run(WorkerThread.java:561) ~[xnio-nio-3.3.8.Final.jar!/:3.3.8.Final]

2021-12-31 08:15:18.300  INFO 896 --- [XNIO-1 I/O-5] lavalink.server.io.SocketServer          : {"op":"pause","guildId":"885961724207980698","pause":true}
2021-12-31 08:15:18.302  INFO 896 --- [XNIO-1 I/O-5] lavalink.server.io.SocketServer          : {"op":"destroy","guildId":"885961724207980698"}
2021-12-31 08:15:18.304 ERROR 896 --- [XNIO-1 I/O-5] c.s.d.lavaplayer.player.AudioPlayer      : Handler of event com.sedmelluq.discord.lavaplayer.player.event.TrackEndEvent@5b8712bb threw an exception.

java.lang.NullPointerException: Cannot invoke "java.util.concurrent.ScheduledFuture.cancel(boolean)" because "this.myFuture" is null
	at lavalink.server.player.Player.onTrackEnd(Player.java:135) ~[classes!/:na]
	at com.sedmelluq.discord.lavaplayer.player.event.AudioEventAdapter.onEvent(AudioEventAdapter.java:74) ~[lavaplayer-fork-1.3.96.jar!/:na]
	at com.sedmelluq.discord.lavaplayer.player.DefaultAudioPlayer.dispatchEvent(DefaultAudioPlayer.java:360) ~[lavaplayer-fork-1.3.96.jar!/:na]
	at com.sedmelluq.discord.lavaplayer.player.DefaultAudioPlayer.stopWithReason(DefaultAudioPlayer.java:135) ~[lavaplayer-fork-1.3.96.jar!/:na]
	at com.sedmelluq.discord.lavaplayer.player.DefaultAudioPlayer.stopTrack(DefaultAudioPlayer.java:123) ~[lavaplayer-fork-1.3.96.jar!/:na]
	at lavalink.server.player.Player.stop(Player.java:75) ~[classes!/:na]
	at lavalink.server.io.SocketContext.destroy(SocketContext.kt:122) ~[classes!/:na]
	at lavalink.server.io.WebSocketHandlers.destroy(WebSocketHandlers.kt:125) ~[classes!/:na]
	at lavalink.server.io.SocketServer.handleTextMessageSafe(SocketServer.kt:167) ~[classes!/:na]
	at lavalink.server.io.SocketServer.handleTextMessage(SocketServer.kt:139) ~[classes!/:na]
	at org.springframework.web.socket.handler.AbstractWebSocketHandler.handleMessage(AbstractWebSocketHandler.java:43) ~[spring-websocket-5.1.9.RELEASE.jar!/:5.1.9.RELEASE]
	at org.springframework.web.socket.handler.WebSocketHandlerDecorator.handleMessage(WebSocketHandlerDecorator.java:75) ~[spring-websocket-5.1.9.RELEASE.jar!/:5.1.9.RELEASE]
	at org.springframework.web.socket.handler.LoggingWebSocketHandlerDecorator.handleMessage(LoggingWebSocketHandlerDecorator.java:56) ~[spring-websocket-5.1.9.RELEASE.jar!/:5.1.9.RELEASE]
	at org.springframework.web.socket.handler.ExceptionWebSocketHandlerDecorator.handleMessage(ExceptionWebSocketHandlerDecorator.java:58) ~[spring-websocket-5.1.9.RELEASE.jar!/:5.1.9.RELEASE]
	at org.springframework.web.socket.adapter.standard.StandardWebSocketHandlerAdapter.handleTextMessage(StandardWebSocketHandlerAdapter.java:113) ~[spring-websocket-5.1.9.RELEASE.jar!/:5.1.9.RELEASE]
	at org.springframework.web.socket.adapter.standard.StandardWebSocketHandlerAdapter.access$000(StandardWebSocketHandlerAdapter.java:42) ~[spring-websocket-5.1.9.RELEASE.jar!/:5.1.9.RELEASE]
	at org.springframework.web.socket.adapter.standard.StandardWebSocketHandlerAdapter$3.onMessage(StandardWebSocketHandlerAdapter.java:84) ~[spring-websocket-5.1.9.RELEASE.jar!/:5.1.9.RELEASE]
	at org.springframework.web.socket.adapter.standard.StandardWebSocketHandlerAdapter$3.onMessage(StandardWebSocketHandlerAdapter.java:81) ~[spring-websocket-5.1.9.RELEASE.jar!/:5.1.9.RELEASE]
	at io.undertow.websockets.jsr.FrameHandler$7.run(FrameHandler.java:286) ~[undertow-websockets-jsr-2.0.26.Final.jar!/:2.0.26.Final]
	at io.undertow.websockets.jsr.ServerWebSocketContainer$1.call(ServerWebSocketContainer.java:170) ~[undertow-websockets-jsr-2.0.26.Final.jar!/:2.0.26.Final]
	at io.undertow.websockets.jsr.ServerWebSocketContainer$1.call(ServerWebSocketContainer.java:167) ~[undertow-websockets-jsr-2.0.26.Final.jar!/:2.0.26.Final]
	at io.undertow.servlet.core.ContextClassLoaderSetupAction$1.call(ContextClassLoaderSetupAction.java:43) ~[undertow-servlet-2.0.26.Final.jar!/:2.0.26.Final]
	at io.undertow.websockets.jsr.ServerWebSocketContainer.invokeEndpointMethod(ServerWebSocketContainer.java:604) ~[undertow-websockets-jsr-2.0.26.Final.jar!/:2.0.26.Final]
	at io.undertow.websockets.jsr.ServerWebSocketContainer.invokeEndpointMethod(ServerWebSocketContainer.java:594) ~[undertow-websockets-jsr-2.0.26.Final.jar!/:2.0.26.Final]
	at io.undertow.websockets.jsr.FrameHandler.invokeTextHandler(FrameHandler.java:266) ~[undertow-websockets-jsr-2.0.26.Final.jar!/:2.0.26.Final]
	at io.undertow.websockets.jsr.FrameHandler.onFullTextMessage(FrameHandler.java:317) ~[undertow-websockets-jsr-2.0.26.Final.jar!/:2.0.26.Final]
	at io.undertow.websockets.core.AbstractReceiveListener$2.complete(AbstractReceiveListener.java:156) ~[undertow-core-2.0.26.Final.jar!/:2.0.26.Final]
	at io.undertow.websockets.core.AbstractReceiveListener$2.complete(AbstractReceiveListener.java:152) ~[undertow-core-2.0.26.Final.jar!/:2.0.26.Final]
	at io.undertow.websockets.core.BufferedTextMessage.read(BufferedTextMessage.java:105) ~[undertow-core-2.0.26.Final.jar!/:2.0.26.Final]
	at io.undertow.websockets.core.AbstractReceiveListener.readBufferedText(AbstractReceiveListener.java:152) ~[undertow-core-2.0.26.Final.jar!/:2.0.26.Final]
	at io.undertow.websockets.core.AbstractReceiveListener.bufferFullMessage(AbstractReceiveListener.java:90) ~[undertow-core-2.0.26.Final.jar!/:2.0.26.Final]
	at io.undertow.websockets.jsr.FrameHandler.onText(FrameHandler.java:182) ~[undertow-websockets-jsr-2.0.26.Final.jar!/:2.0.26.Final]
	at io.undertow.websockets.core.AbstractReceiveListener.handleEvent(AbstractReceiveListener.java:44) ~[undertow-core-2.0.26.Final.jar!/:2.0.26.Final]
	at io.undertow.websockets.core.AbstractReceiveListener.handleEvent(AbstractReceiveListener.java:33) ~[undertow-core-2.0.26.Final.jar!/:2.0.26.Final]
	at org.xnio.ChannelListeners.invokeChannelListener(ChannelListeners.java:92) ~[xnio-api-3.3.8.Final.jar!/:3.3.8.Final]
	at io.undertow.server.protocol.framed.AbstractFramedChannel$FrameReadListener.handleEvent(AbstractFramedChannel.java:951) ~[undertow-core-2.0.26.Final.jar!/:2.0.26.Final]
	at io.undertow.server.protocol.framed.AbstractFramedChannel$FrameReadListener.handleEvent(AbstractFramedChannel.java:932) ~[undertow-core-2.0.26.Final.jar!/:2.0.26.Final]
	at org.xnio.ChannelListeners.invokeChannelListener(ChannelListeners.java:92) ~[xnio-api-3.3.8.Final.jar!/:3.3.8.Final]
	at org.xnio.conduits.ReadReadyHandler$ChannelListenerHandler.readReady(ReadReadyHandler.java:66) ~[xnio-api-3.3.8.Final.jar!/:3.3.8.Final]
	at org.xnio.nio.NioSocketConduit.handleReady(NioSocketConduit.java:88) ~[xnio-nio-3.3.8.Final.jar!/:3.3.8.Final]
	at org.xnio.nio.WorkerThread.run(WorkerThread.java:561) ~[xnio-nio-3.3.8.Final.jar!/:3.3.8.Final]

2021-12-31 08:15:18.316  INFO 896 --- [XNIO-1 I/O-5] lavalink.server.io.SocketServer          : {"op":"stop","guildId":"885961724207980698"}
2021-12-31 08:41:52.181  INFO 896 --- [XNIO-1 I/O-5] lavalink.server.io.SocketServer          : {"op":"volume","guildId":"885961724207980698","volume":100}
2021-12-31 08:41:52.193  INFO 896 --- [XNIO-1 task-4] l.server.player.AudioLoaderRestHandler   : Got request to load for identifier "https://www.youtube.com/watch?v=kmPgjr0EL64"
2021-12-31 08:41:52.467  INFO 896 --- [XNIO-1 I/O-5] lavalink.server.io.SocketServer          : {"sessionId":"8ab92e9bfb8d76d6596e83f4decddd76","op":"voiceUpdate","guildId":"885961724207980698","event":{"endpoint":"brazil5475.discord.media:443","guild_id":"885961724207980698","token":"25757b77fa338b7e"}}
2021-12-31 08:41:52.483  INFO 896 --- [lava-daemon-pool-info-loader-2-thread-1] lavalink.server.player.AudioLoader       : Loaded track ?MV?????????? feat. ?? / ????
2021-12-31 08:41:52.490  INFO 896 --- [XNIO-1 I/O-5] lavalink.server.io.SocketServer          : {"op":"play","guildId":"885961724207980698","track":"QAAAoQIAP+OAkE1W44CR5pil44Gr5o+644KJ44KM44Gp5ZCb5oOz44GGIGZlYXQuIOOBk+OBtCAvIOOCs+ODkOOCveODrQAIa29iYXNvbG8AAAAAAAPcSAALa21QZ2pyMEVMNjQAAQAraHR0cHM6Ly93d3cueW91dHViZS5jb20vd2F0Y2g/dj1rbVBnanIwRUw2NAAHeW91dHViZQAAAAAAAAAA"}
2021-12-31 08:41:52.491 ERROR 896 --- [XNIO-1 I/O-5] c.s.d.lavaplayer.player.AudioPlayer      : Handler of event com.sedmelluq.discord.lavaplayer.player.event.TrackStartEvent@29bececf threw an exception.

java.lang.IllegalArgumentException: null
	at java.base/java.util.concurrent.ScheduledThreadPoolExecutor.scheduleAtFixedRate(ScheduledThreadPoolExecutor.java:623) ~[na:na]
	at lavalink.server.player.Player.onTrackStart(Player.java:141) ~[classes!/:na]
	at com.sedmelluq.discord.lavaplayer.player.event.AudioEventAdapter.onEvent(AudioEventAdapter.java:72) ~[lavaplayer-fork-1.3.96.jar!/:na]
	at com.sedmelluq.discord.lavaplayer.player.DefaultAudioPlayer.dispatchEvent(DefaultAudioPlayer.java:360) ~[lavaplayer-fork-1.3.96.jar!/:na]
	at com.sedmelluq.discord.lavaplayer.player.DefaultAudioPlayer.startTrack(DefaultAudioPlayer.java:113) ~[lavaplayer-fork-1.3.96.jar!/:na]
	at com.sedmelluq.discord.lavaplayer.player.DefaultAudioPlayer.playTrack(DefaultAudioPlayer.java:76) ~[lavaplayer-fork-1.3.96.jar!/:na]
	at lavalink.server.player.Player.play(Player.java:70) ~[classes!/:na]
	at lavalink.server.io.WebSocketHandlers.play(WebSocketHandlers.kt:74) ~[classes!/:na]
	at lavalink.server.io.SocketServer.handleTextMessageSafe(SocketServer.kt:162) ~[classes!/:na]
	at lavalink.server.io.SocketServer.handleTextMessage(SocketServer.kt:139) ~[classes!/:na]
	at org.springframework.web.socket.handler.AbstractWebSocketHandler.handleMessage(AbstractWebSocketHandler.java:43) ~[spring-websocket-5.1.9.RELEASE.jar!/:5.1.9.RELEASE]
	at org.springframework.web.socket.handler.WebSocketHandlerDecorator.handleMessage(WebSocketHandlerDecorator.java:75) ~[spring-websocket-5.1.9.RELEASE.jar!/:5.1.9.RELEASE]
	at org.springframework.web.socket.handler.LoggingWebSocketHandlerDecorator.handleMessage(LoggingWebSocketHandlerDecorator.java:56) ~[spring-websocket-5.1.9.RELEASE.jar!/:5.1.9.RELEASE]
	at org.springframework.web.socket.handler.ExceptionWebSocketHandlerDecorator.handleMessage(ExceptionWebSocketHandlerDecorator.java:58) ~[spring-websocket-5.1.9.RELEASE.jar!/:5.1.9.RELEASE]
	at org.springframework.web.socket.adapter.standard.StandardWebSocketHandlerAdapter.handleTextMessage(StandardWebSocketHandlerAdapter.java:113) ~[spring-websocket-5.1.9.RELEASE.jar!/:5.1.9.RELEASE]
	at org.springframework.web.socket.adapter.standard.StandardWebSocketHandlerAdapter.access$000(StandardWebSocketHandlerAdapter.java:42) ~[spring-websocket-5.1.9.RELEASE.jar!/:5.1.9.RELEASE]
	at org.springframework.web.socket.adapter.standard.StandardWebSocketHandlerAdapter$3.onMessage(StandardWebSocketHandlerAdapter.java:84) ~[spring-websocket-5.1.9.RELEASE.jar!/:5.1.9.RELEASE]
	at org.springframework.web.socket.adapter.standard.StandardWebSocketHandlerAdapter$3.onMessage(StandardWebSocketHandlerAdapter.java:81) ~[spring-websocket-5.1.9.RELEASE.jar!/:5.1.9.RELEASE]
	at io.undertow.websockets.jsr.FrameHandler$7.run(FrameHandler.java:286) ~[undertow-websockets-jsr-2.0.26.Final.jar!/:2.0.26.Final]
	at io.undertow.websockets.jsr.ServerWebSocketContainer$1.call(ServerWebSocketContainer.java:170) ~[undertow-websockets-jsr-2.0.26.Final.jar!/:2.0.26.Final]
	at io.undertow.websockets.jsr.ServerWebSocketContainer$1.call(ServerWebSocketContainer.java:167) ~[undertow-websockets-jsr-2.0.26.Final.jar!/:2.0.26.Final]
	at io.undertow.servlet.core.ContextClassLoaderSetupAction$1.call(ContextClassLoaderSetupAction.java:43) ~[undertow-servlet-2.0.26.Final.jar!/:2.0.26.Final]
	at io.undertow.websockets.jsr.ServerWebSocketContainer.invokeEndpointMethod(ServerWebSocketContainer.java:604) ~[undertow-websockets-jsr-2.0.26.Final.jar!/:2.0.26.Final]
	at io.undertow.websockets.jsr.ServerWebSocketContainer.invokeEndpointMethod(ServerWebSocketContainer.java:594) ~[undertow-websockets-jsr-2.0.26.Final.jar!/:2.0.26.Final]
	at io.undertow.websockets.jsr.FrameHandler.invokeTextHandler(FrameHandler.java:266) ~[undertow-websockets-jsr-2.0.26.Final.jar!/:2.0.26.Final]
	at io.undertow.websockets.jsr.FrameHandler.onFullTextMessage(FrameHandler.java:317) ~[undertow-websockets-jsr-2.0.26.Final.jar!/:2.0.26.Final]
	at io.undertow.websockets.core.AbstractReceiveListener$2.complete(AbstractReceiveListener.java:156) ~[undertow-core-2.0.26.Final.jar!/:2.0.26.Final]
	at io.undertow.websockets.core.AbstractReceiveListener$2.complete(AbstractReceiveListener.java:152) ~[undertow-core-2.0.26.Final.jar!/:2.0.26.Final]
	at io.undertow.websockets.core.BufferedTextMessage.read(BufferedTextMessage.java:105) ~[undertow-core-2.0.26.Final.jar!/:2.0.26.Final]
	at io.undertow.websockets.core.AbstractReceiveListener.readBufferedText(AbstractReceiveListener.java:152) ~[undertow-core-2.0.26.Final.jar!/:2.0.26.Final]
	at io.undertow.websockets.core.AbstractReceiveListener.bufferFullMessage(AbstractReceiveListener.java:90) ~[undertow-core-2.0.26.Final.jar!/:2.0.26.Final]
	at io.undertow.websockets.jsr.FrameHandler.onText(FrameHandler.java:182) ~[undertow-websockets-jsr-2.0.26.Final.jar!/:2.0.26.Final]
	at io.undertow.websockets.core.AbstractReceiveListener.handleEvent(AbstractReceiveListener.java:44) ~[undertow-core-2.0.26.Final.jar!/:2.0.26.Final]
	at io.undertow.websockets.core.AbstractReceiveListener.handleEvent(AbstractReceiveListener.java:33) ~[undertow-core-2.0.26.Final.jar!/:2.0.26.Final]
	at org.xnio.ChannelListeners.invokeChannelListener(ChannelListeners.java:92) ~[xnio-api-3.3.8.Final.jar!/:3.3.8.Final]
	at io.undertow.server.protocol.framed.AbstractFramedChannel$FrameReadListener.handleEvent(AbstractFramedChannel.java:951) ~[undertow-core-2.0.26.Final.jar!/:2.0.26.Final]
	at io.undertow.server.protocol.framed.AbstractFramedChannel$FrameReadListener.handleEvent(AbstractFramedChannel.java:932) ~[undertow-core-2.0.26.Final.jar!/:2.0.26.Final]
	at org.xnio.ChannelListeners.invokeChannelListener(ChannelListeners.java:92) ~[xnio-api-3.3.8.Final.jar!/:3.3.8.Final]
	at org.xnio.conduits.ReadReadyHandler$ChannelListenerHandler.readReady(ReadReadyHandler.java:66) ~[xnio-api-3.3.8.Final.jar!/:3.3.8.Final]
	at org.xnio.nio.NioSocketConduit.handleReady(NioSocketConduit.java:88) ~[xnio-nio-3.3.8.Final.jar!/:3.3.8.Final]
	at org.xnio.nio.WorkerThread.run(WorkerThread.java:561) ~[xnio-nio-3.3.8.Final.jar!/:3.3.8.Final]

2021-12-31 08:43:38.981  INFO 896 --- [XNIO-1 I/O-5] lavalink.server.io.SocketServer          : {"op":"stop","guildId":"885961724207980698"}
2021-12-31 08:43:38.983 ERROR 896 --- [XNIO-1 I/O-5] c.s.d.lavaplayer.player.AudioPlayer      : Handler of event com.sedmelluq.discord.lavaplayer.player.event.TrackEndEvent@264aaef7 threw an exception.

java.lang.NullPointerException: Cannot invoke "java.util.concurrent.ScheduledFuture.cancel(boolean)" because "this.myFuture" is null
	at lavalink.server.player.Player.onTrackEnd(Player.java:135) ~[classes!/:na]
	at com.sedmelluq.discord.lavaplayer.player.event.AudioEventAdapter.onEvent(AudioEventAdapter.java:74) ~[lavaplayer-fork-1.3.96.jar!/:na]
	at com.sedmelluq.discord.lavaplayer.player.DefaultAudioPlayer.dispatchEvent(DefaultAudioPlayer.java:360) ~[lavaplayer-fork-1.3.96.jar!/:na]
	at com.sedmelluq.discord.lavaplayer.player.DefaultAudioPlayer.stopWithReason(DefaultAudioPlayer.java:135) ~[lavaplayer-fork-1.3.96.jar!/:na]
	at com.sedmelluq.discord.lavaplayer.player.DefaultAudioPlayer.stopTrack(DefaultAudioPlayer.java:123) ~[lavaplayer-fork-1.3.96.jar!/:na]
	at lavalink.server.player.Player.stop(Player.java:75) ~[classes!/:na]
	at lavalink.server.io.WebSocketHandlers.stop(WebSocketHandlers.kt:82) ~[classes!/:na]
	at lavalink.server.io.SocketServer.handleTextMessageSafe(SocketServer.kt:163) ~[classes!/:na]
	at lavalink.server.io.SocketServer.handleTextMessage(SocketServer.kt:139) ~[classes!/:na]
	at org.springframework.web.socket.handler.AbstractWebSocketHandler.handleMessage(AbstractWebSocketHandler.java:43) ~[spring-websocket-5.1.9.RELEASE.jar!/:5.1.9.RELEASE]
	at org.springframework.web.socket.handler.WebSocketHandlerDecorator.handleMessage(WebSocketHandlerDecorator.java:75) ~[spring-websocket-5.1.9.RELEASE.jar!/:5.1.9.RELEASE]
	at org.springframework.web.socket.handler.LoggingWebSocketHandlerDecorator.handleMessage(LoggingWebSocketHandlerDecorator.java:56) ~[spring-websocket-5.1.9.RELEASE.jar!/:5.1.9.RELEASE]
	at org.springframework.web.socket.handler.ExceptionWebSocketHandlerDecorator.handleMessage(ExceptionWebSocketHandlerDecorator.java:58) ~[spring-websocket-5.1.9.RELEASE.jar!/:5.1.9.RELEASE]
	at org.springframework.web.socket.adapter.standard.StandardWebSocketHandlerAdapter.handleTextMessage(StandardWebSocketHandlerAdapter.java:113) ~[spring-websocket-5.1.9.RELEASE.jar!/:5.1.9.RELEASE]
	at org.springframework.web.socket.adapter.standard.StandardWebSocketHandlerAdapter.access$000(StandardWebSocketHandlerAdapter.java:42) ~[spring-websocket-5.1.9.RELEASE.jar!/:5.1.9.RELEASE]
	at org.springframework.web.socket.adapter.standard.StandardWebSocketHandlerAdapter$3.onMessage(StandardWebSocketHandlerAdapter.java:84) ~[spring-websocket-5.1.9.RELEASE.jar!/:5.1.9.RELEASE]
	at org.springframework.web.socket.adapter.standard.StandardWebSocketHandlerAdapter$3.onMessage(StandardWebSocketHandlerAdapter.java:81) ~[spring-websocket-5.1.9.RELEASE.jar!/:5.1.9.RELEASE]
	at io.undertow.websockets.jsr.FrameHandler$7.run(FrameHandler.java:286) ~[undertow-websockets-jsr-2.0.26.Final.jar!/:2.0.26.Final]
	at io.undertow.websockets.jsr.ServerWebSocketContainer$1.call(ServerWebSocketContainer.java:170) ~[undertow-websockets-jsr-2.0.26.Final.jar!/:2.0.26.Final]
	at io.undertow.websockets.jsr.ServerWebSocketContainer$1.call(ServerWebSocketContainer.java:167) ~[undertow-websockets-jsr-2.0.26.Final.jar!/:2.0.26.Final]
	at io.undertow.servlet.core.ContextClassLoaderSetupAction$1.call(ContextClassLoaderSetupAction.java:43) ~[undertow-servlet-2.0.26.Final.jar!/:2.0.26.Final]
	at io.undertow.websockets.jsr.ServerWebSocketContainer.invokeEndpointMethod(ServerWebSocketContainer.java:604) ~[undertow-websockets-jsr-2.0.26.Final.jar!/:2.0.26.Final]
	at io.undertow.websockets.jsr.ServerWebSocketContainer.invokeEndpointMethod(ServerWebSocketContainer.java:594) ~[undertow-websockets-jsr-2.0.26.Final.jar!/:2.0.26.Final]
	at io.undertow.websockets.jsr.FrameHandler.invokeTextHandler(FrameHandler.java:266) ~[undertow-websockets-jsr-2.0.26.Final.jar!/:2.0.26.Final]
	at io.undertow.websockets.jsr.FrameHandler.onFullTextMessage(FrameHandler.java:317) ~[undertow-websockets-jsr-2.0.26.Final.jar!/:2.0.26.Final]
	at io.undertow.websockets.core.AbstractReceiveListener$2.complete(AbstractReceiveListener.java:156) ~[undertow-core-2.0.26.Final.jar!/:2.0.26.Final]
	at io.undertow.websockets.core.AbstractReceiveListener$2.complete(AbstractReceiveListener.java:152) ~[undertow-core-2.0.26.Final.jar!/:2.0.26.Final]
	at io.undertow.websockets.core.BufferedTextMessage.read(BufferedTextMessage.java:105) ~[undertow-core-2.0.26.Final.jar!/:2.0.26.Final]
	at io.undertow.websockets.core.AbstractReceiveListener.readBufferedText(AbstractReceiveListener.java:152) ~[undertow-core-2.0.26.Final.jar!/:2.0.26.Final]
	at io.undertow.websockets.core.AbstractReceiveListener.bufferFullMessage(AbstractReceiveListener.java:90) ~[undertow-core-2.0.26.Final.jar!/:2.0.26.Final]
	at io.undertow.websockets.jsr.FrameHandler.onText(FrameHandler.java:182) ~[undertow-websockets-jsr-2.0.26.Final.jar!/:2.0.26.Final]
	at io.undertow.websockets.core.AbstractReceiveListener.handleEvent(AbstractReceiveListener.java:44) ~[undertow-core-2.0.26.Final.jar!/:2.0.26.Final]
	at io.undertow.websockets.core.AbstractReceiveListener.handleEvent(AbstractReceiveListener.java:33) ~[undertow-core-2.0.26.Final.jar!/:2.0.26.Final]
	at org.xnio.ChannelListeners.invokeChannelListener(ChannelListeners.java:92) ~[xnio-api-3.3.8.Final.jar!/:3.3.8.Final]
	at io.undertow.server.protocol.framed.AbstractFramedChannel$FrameReadListener.handleEvent(AbstractFramedChannel.java:951) ~[undertow-core-2.0.26.Final.jar!/:2.0.26.Final]
	at io.undertow.server.protocol.framed.AbstractFramedChannel$FrameReadListener.handleEvent(AbstractFramedChannel.java:932) ~[undertow-core-2.0.26.Final.jar!/:2.0.26.Final]
	at org.xnio.ChannelListeners.invokeChannelListener(ChannelListeners.java:92) ~[xnio-api-3.3.8.Final.jar!/:3.3.8.Final]
	at org.xnio.conduits.ReadReadyHandler$ChannelListenerHandler.readReady(ReadReadyHandler.java:66) ~[xnio-api-3.3.8.Final.jar!/:3.3.8.Final]
	at org.xnio.nio.NioSocketConduit.handleReady(NioSocketConduit.java:88) ~[xnio-nio-3.3.8.Final.jar!/:3.3.8.Final]
	at org.xnio.nio.WorkerThread.run(WorkerThread.java:561) ~[xnio-nio-3.3.8.Final.jar!/:3.3.8.Final]

2021-12-31 08:43:38.986  INFO 896 --- [XNIO-1 I/O-5] lavalink.server.io.SocketServer          : {"op":"pause","guildId":"885961724207980698","pause":true}
2021-12-31 08:43:38.987  INFO 896 --- [XNIO-1 I/O-5] lavalink.server.io.SocketServer          : {"op":"destroy","guildId":"885961724207980698"}
2021-12-31 08:43:57.008  INFO 896 --- [Thread-1] o.s.s.concurrent.ThreadPoolTaskExecutor  : Shutting down ExecutorService 'applicationTaskExecutor'
2021-12-31 08:43:57.010  INFO 896 --- [Thread-1] c.s.d.l.tools.GarbageCollectionMonitor   : GC monitoring disabled.
2021-12-31 08:43:57.013  INFO 896 --- [Thread-1] io.undertow.servlet                      : Destroying Spring FrameworkServlet 'dispatcherServlet'
2021-12-31 08:43:57.018 ERROR 896 --- [XNIO-1 I/O-5] org.xnio.listener                        : XNIO001007: A channel event listener threw an exception

java.util.concurrent.RejectedExecutionException: XNIO007007: Thread is terminating
	at org.xnio.nio.WorkerThread.execute(WorkerThread.java:590) ~[xnio-nio-3.3.8.Final.jar!/:3.3.8.Final]
	at io.undertow.websockets.jsr.UndertowSession$3.handleEvent(UndertowSession.java:396) ~[undertow-websockets-jsr-2.0.26.Final.jar!/:2.0.26.Final]
	at io.undertow.websockets.jsr.UndertowSession$3.handleEvent(UndertowSession.java:388) ~[undertow-websockets-jsr-2.0.26.Final.jar!/:2.0.26.Final]
	at org.xnio.ChannelListeners.invokeChannelListener(ChannelListeners.java:92) ~[xnio-api-3.3.8.Final.jar!/:3.3.8.Final]
	at io.undertow.server.protocol.framed.AbstractFramedChannel$FrameCloseListener.handleEvent(AbstractFramedChannel.java:1063) ~[undertow-core-2.0.26.Final.jar!/:2.0.26.Final]
	at io.undertow.server.protocol.framed.AbstractFramedChannel$FrameCloseListener.handleEvent(AbstractFramedChannel.java:978) ~[undertow-core-2.0.26.Final.jar!/:2.0.26.Final]
	at org.xnio.ChannelListeners.invokeChannelListener(ChannelListeners.java:92) ~[xnio-api-3.3.8.Final.jar!/:3.3.8.Final]
	at org.xnio.conduits.WriteReadyHandler$ChannelListenerHandler.terminated(WriteReadyHandler.java:70) ~[xnio-api-3.3.8.Final.jar!/:3.3.8.Final]
	at org.xnio.nio.NioSocketConduit.writeTerminated(NioSocketConduit.java:234) ~[xnio-nio-3.3.8.Final.jar!/:3.3.8.Final]
	at org.xnio.nio.NioSocketConduit.terminateWrites(NioSocketConduit.java:223) ~[xnio-nio-3.3.8.Final.jar!/:3.3.8.Final]
	at org.xnio.nio.NioSocketConduit.truncateWrites(NioSocketConduit.java:228) ~[xnio-nio-3.3.8.Final.jar!/:3.3.8.Final]
	at io.undertow.conduits.IdleTimeoutConduit.truncateWrites(IdleTimeoutConduit.java:387) ~[undertow-core-2.0.26.Final.jar!/:2.0.26.Final]
	at org.xnio.conduits.ConduitStreamSinkChannel.close(ConduitStreamSinkChannel.java:186) ~[xnio-api-3.3.8.Final.jar!/:3.3.8.Final]
	at org.xnio.IoUtils.safeClose(IoUtils.java:134) ~[xnio-api-3.3.8.Final.jar!/:3.3.8.Final]
	at org.xnio.conduits.WriteReadyHandler$ChannelListenerHandler.forceTermination(WriteReadyHandler.java:57) ~[xnio-api-3.3.8.Final.jar!/:3.3.8.Final]
	at org.xnio.nio.NioSocketConduit.forceTermination(NioSocketConduit.java:107) ~[xnio-nio-3.3.8.Final.jar!/:3.3.8.Final]
	at org.xnio.nio.WorkerThread.run(WorkerThread.java:494) ~[xnio-nio-3.3.8.Final.jar!/:3.3.8.Final]

2021-12-31 08:44:35.552  INFO 4276 --- [main] lavalink.server.Launcher                 : 

[32m       .  [31m _                  _ _       _    [32m__ _ _
[32m      /\\ [31m| | __ ___   ____ _| (_)_ __ | | __[32m\ \ \ \
[32m     ( ( )[31m| |/ _` \ \ / / _` | | | '_ \| |/ /[32m \ \ \ \
[32m      \\/ [31m| | (_| |\ V / (_| | | | | | |   < [32m  ) ) ) )
[32m       '  [31m|_|\__,_| \_/ \__,_|_|_|_| |_|_|\_\[32m / / / /
[0m    =========================================[32m/_/_/_/[0m

	Version:        3.4
	Build:          1257
	Build time:     26.10.2021 14:18:37 UTC
	Branch          master
	Commit:         a364833
	Commit time:    26.10.2021 14:15:20 UTC
	JVM:            15
	Lavaplayer      1.3.96-original

2021-12-31 08:44:35.663  INFO 4276 --- [main] lavalink.server.Launcher                 : Starting Launcher on DESKTOP-857OS0D with PID 4276 (D:\github\hanar3\izumi\Lavalink.jar started by vitor in D:\github\hanar3\izumi)
2021-12-31 08:44:35.664  INFO 4276 --- [main] lavalink.server.Launcher                 : No active profile set, falling back to default profiles: default
2021-12-31 08:44:35.790  WARN 4276 --- [background-preinit] o.s.h.c.j.Jackson2ObjectMapperBuilder    : For Jackson Kotlin classes support please add "com.fasterxml.jackson.module:jackson-module-kotlin" to the classpath
2021-12-31 08:44:37.243  WARN 4276 --- [main] io.undertow.websockets.jsr               : UT026010: Buffer pool was not set on WebSocketDeploymentInfo, the default pool will be used
2021-12-31 08:44:37.276  INFO 4276 --- [main] io.undertow.servlet                      : Initializing Spring embedded WebApplicationContext
2021-12-31 08:44:37.277  INFO 4276 --- [main] o.s.web.context.ContextLoader            : Root WebApplicationContext: initialization completed in 1546 ms
2021-12-31 08:44:37.757  WARN 4276 --- [main] l.server.config.SentryConfiguration      : Turning off sentry
2021-12-31 08:44:38.158  INFO 4276 --- [main] c.s.d.l.tools.GarbageCollectionMonitor   : GC monitoring enabled, reporting results every 2 minutes.
2021-12-31 08:44:38.426  INFO 4276 --- [main] lavalink.server.config.KoeConfiguration  : OS: Windows 10, Arch: amd64
2021-12-31 08:44:38.426  WARN 4276 --- [main] lavalink.server.config.KoeConfiguration  : This system and architecture appears to not support native audio sending! GC pauses may cause your bot to stutter during playback.
2021-12-31 08:44:38.727  INFO 4276 --- [main] o.s.s.concurrent.ThreadPoolTaskExecutor  : Initializing ExecutorService 'applicationTaskExecutor'
2021-12-31 08:44:39.131  INFO 4276 --- [main] org.xnio                                 : XNIO version 3.3.8.Final
2021-12-31 08:44:39.158  INFO 4276 --- [main] org.xnio.nio                             : XNIO NIO Implementation Version 3.3.8.Final
2021-12-31 08:44:39.241  INFO 4276 --- [main] o.s.b.w.e.u.UndertowServletWebServer     : Undertow started on port(s) 2333 (http) with context path ''
2021-12-31 08:44:39.247  INFO 4276 --- [main] lavalink.server.Launcher                 : Started Launcher in 4.236 seconds (JVM running for 4.741)
2021-12-31 08:44:39.251  INFO 4276 --- [main] lavalink.server.Launcher                 : You can safely ignore the big red warning about illegal reflection. See https://github.com/freyacodes/Lavalink/issues/295
2021-12-31 08:44:51.740  INFO 4276 --- [XNIO-1 task-1] io.undertow.servlet                      : Initializing Spring DispatcherServlet 'dispatcherServlet'
2021-12-31 08:44:51.741  INFO 4276 --- [XNIO-1 task-1] o.s.web.servlet.DispatcherServlet        : Initializing Servlet 'dispatcherServlet'
2021-12-31 08:44:51.752  INFO 4276 --- [XNIO-1 task-1] o.s.web.servlet.DispatcherServlet        : Completed initialization in 10 ms
2021-12-31 08:44:51.776  INFO 4276 --- [XNIO-1 task-1] l.server.io.HandshakeInterceptorImpl     : Incoming connection from /127.0.0.1:64616
2021-12-31 08:44:51.839  INFO 4276 --- [XNIO-1 task-1] lavalink.server.io.SocketServer          : Connection successfully established from erela.js
2021-12-31 08:45:03.781  INFO 4276 --- [XNIO-1 I/O-4] lavalink.server.io.SocketServer          : {"op":"volume","guildId":"885961724207980698","volume":100}
2021-12-31 08:45:03.808  INFO 4276 --- [XNIO-1 task-2] l.server.player.AudioLoaderRestHandler   : Got request to load for identifier "https://www.youtube.com/watch?v=kmPgjr0EL64"
2021-12-31 08:45:04.441  INFO 4276 --- [XNIO-1 I/O-4] lavalink.server.io.SocketServer          : {"sessionId":"8c0a8bb1fafae8a6db13075b76a80290","op":"voiceUpdate","guildId":"885961724207980698","event":{"endpoint":"brazil5475.discord.media:443","guild_id":"885961724207980698","token":"c05f8a9f541345ba"}}
2021-12-31 08:45:05.212  INFO 4276 --- [lava-daemon-pool-info-loader-2-thread-1] lavalink.server.player.AudioLoader       : Loaded track ?MV?????????? feat. ?? / ????
2021-12-31 08:45:05.236  INFO 4276 --- [XNIO-1 I/O-4] lavalink.server.io.SocketServer          : {"op":"play","guildId":"885961724207980698","track":"QAAAoQIAP+OAkE1W44CR5pil44Gr5o+644KJ44KM44Gp5ZCb5oOz44GGIGZlYXQuIOOBk+OBtCAvIOOCs+ODkOOCveODrQAIa29iYXNvbG8AAAAAAAPcSAALa21QZ2pyMEVMNjQAAQAraHR0cHM6Ly93d3cueW91dHViZS5jb20vd2F0Y2g/dj1rbVBnanIwRUw2NAAHeW91dHViZQAAAAAAAAAA"}
2021-12-31 08:49:18.578  INFO 4276 --- [XNIO-1 I/O-4] lavalink.server.io.SocketServer          : {"op":"destroy","guildId":"885961724207980698"}
2021-12-31 09:22:17.723  INFO 4276 --- [XNIO-1 I/O-4] lavalink.server.io.SocketServer          : Connection closed from /127.0.0.1:64616 -- CloseStatus[code=1006, reason=]
2021-12-31 09:22:17.725  INFO 4276 --- [XNIO-1 I/O-4] lavalink.server.io.SocketContext         : Shutting down 0 playing players.
